This file contains any messages produced by compilers while
running configure, to aid debugging if configure makes a mistake.

It was created by toilet configure 0.3, which was
generated by GNU Autoconf 2.68.  Invocation command line was

  $ ./configure 

## --------- ##
## Platform. ##
## --------- ##

hostname = jannik-manjaro-pc
uname -m = x86_64
uname -r = 4.19.84-1-MANJARO
uname -s = Linux
uname -v = #1 SMP PREEMPT Wed Nov 13 00:07:37 UTC 2019

/usr/bin/uname -p = unknown
/bin/uname -X     = unknown

/bin/arch              = unknown
/usr/bin/arch -k       = unknown
/usr/convex/getsysinfo = unknown
/usr/bin/hostinfo      = unknown
/bin/machine           = unknown
/usr/bin/oslevel       = unknown
/bin/universe          = unknown

PATH: /home/jannik/.luarocks/bin
PATH: /home/jannik/.local/bin
PATH: /usr/local/bin
PATH: /usr/bin
PATH: /bin
PATH: /usr/local/sbin
PATH: /usr/lib/jvm/default/bin
PATH: /usr/bin/site_perl
PATH: /usr/bin/vendor_perl
PATH: /usr/bin/core_perl
PATH: /var/lib/snapd/snap/bin


## ----------- ##
## Core tests. ##
## ----------- ##

configure:2062: checking build system type
configure:2076: result: x86_64-unknown-linux-gnu
configure:2096: checking host system type
configure:2109: result: x86_64-unknown-linux-gnu
configure:2129: checking target system type
configure:2142: result: x86_64-unknown-linux-gnu
configure:2186: checking for a BSD-compatible install
configure:2254: result: /usr/bin/install -c
configure:2265: checking whether build environment is sane
configure:2315: result: yes
configure:2456: checking for a thread-safe mkdir -p
configure:2495: result: /usr/bin/mkdir -p
configure:2508: checking for gawk
configure:2524: found /usr/bin/gawk
configure:2535: result: gawk
configure:2546: checking whether make sets $(MAKE)
configure:2568: result: yes
configure:2663: checking for style of include used by make
configure:2691: result: GNU
configure:2762: checking for gcc
configure:2778: found /usr/bin/gcc
configure:2789: result: gcc
configure:3018: checking for C compiler version
configure:3027: gcc --version >&5
gcc (GCC) 9.2.0
Copyright (C) 2019 Free Software Foundation, Inc.
This is free software; see the source for copying conditions.  There is NO
warranty; not even for MERCHANTABILITY or FITNESS FOR A PARTICULAR PURPOSE.

configure:3038: $? = 0
configure:3027: gcc -v >&5
Using built-in specs.
COLLECT_GCC=gcc
COLLECT_LTO_WRAPPER=/usr/lib/gcc/x86_64-pc-linux-gnu/9.2.0/lto-wrapper
Target: x86_64-pc-linux-gnu
Configured with: /build/gcc/src/gcc/configure --prefix=/usr --libdir=/usr/lib --libexecdir=/usr/lib --mandir=/usr/share/man --infodir=/usr/share/info --with-bugurl=https://bugs.archlinux.org/ --enable-languages=c,c++,ada,fortran,go,lto,objc,obj-c++,d --enable-shared --enable-threads=posix --with-system-zlib --with-isl --enable-__cxa_atexit --disable-libunwind-exceptions --enable-clocale=gnu --disable-libstdcxx-pch --disable-libssp --enable-gnu-unique-object --enable-linker-build-id --enable-lto --enable-plugin --enable-install-libiberty --with-linker-hash-style=gnu --enable-gnu-indirect-function --enable-multilib --disable-werror --enable-checking=release --enable-default-pie --enable-default-ssp --enable-cet=auto gdc_include_dir=/usr/include/dlang/gdc
Thread model: posix
gcc version 9.2.0 (GCC) 
configure:3038: $? = 0
configure:3027: gcc -V >&5
gcc: error: unrecognized command line option '-V'
gcc: fatal error: no input files
compilation terminated.
configure:3038: $? = 1
configure:3027: gcc -qversion >&5
gcc: error: unrecognized command line option '-qversion'; did you mean '--version'?
gcc: fatal error: no input files
compilation terminated.
configure:3038: $? = 1
configure:3058: checking whether the C compiler works
configure:3080: gcc    conftest.c  >&5
configure:3084: $? = 0
configure:3132: result: yes
configure:3135: checking for C compiler default output file name
configure:3137: result: a.out
configure:3143: checking for suffix of executables
configure:3150: gcc -o conftest    conftest.c  >&5
configure:3154: $? = 0
configure:3176: result: 
configure:3198: checking whether we are cross compiling
configure:3206: gcc -o conftest    conftest.c  >&5
configure:3210: $? = 0
configure:3217: ./conftest
configure:3221: $? = 0
configure:3209: result: no
configure:3214: checking for suffix of object files
configure:3236: gcc -c   conftest.c >&5
configure:3240: $? = 0
configure:3261: result: o
configure:3265: checking whether we are using the GNU C compiler
configure:3284: gcc -c   conftest.c >&5
configure:3284: $? = 0
configure:3293: result: yes
configure:3302: checking whether gcc accepts -g
configure:3322: gcc -c -g  conftest.c >&5
configure:3322: $? = 0
configure:3363: result: yes
configure:3380: checking for gcc option to accept ISO C89
configure:3444: gcc  -c -g -O2  conftest.c >&5
configure:3444: $? = 0
configure:3457: result: none needed
configure:3479: checking dependency style of gcc
configure:3590: result: gcc3
configure:3606: checking whether gcc and cc understand -c and -o together
configure:3637: gcc -c conftest.c -o conftest2.o >&5
configure:3641: $? = 0
configure:3647: gcc -c conftest.c -o conftest2.o >&5
configure:3651: $? = 0
configure:3662: cc -c conftest.c >&5
configure:3666: $? = 0
configure:3674: cc -c conftest.c -o conftest2.o >&5
configure:3678: $? = 0
configure:3684: cc -c conftest.c -o conftest2.o >&5
configure:3688: $? = 0
configure:3706: result: yes
configure:3736: checking how to run the C preprocessor
configure:3767: gcc -E  conftest.c
configure:3767: $? = 0
configure:3781: gcc -E  conftest.c
conftest.c:11:10: fatal error: ac_nonexistent.h: No such file or directory
   11 | #include <ac_nonexistent.h>
      |          ^~~~~~~~~~~~~~~~~~
compilation terminated.
configure:3781: $? = 1
configure: failed program was:
| /* confdefs.h */
| #define PACKAGE_NAME "toilet"
| #define PACKAGE_TARNAME "toilet"
| #define PACKAGE_VERSION "0.3"
| #define PACKAGE_STRING "toilet 0.3"
| #define PACKAGE_BUGREPORT ""
| #define PACKAGE_URL ""
| #define PACKAGE "toilet"
| #define VERSION "0.3"
| /* end confdefs.h.  */
| #include <ac_nonexistent.h>
configure:3806: result: gcc -E
configure:3826: gcc -E  conftest.c
configure:3826: $? = 0
configure:3840: gcc -E  conftest.c
conftest.c:11:10: fatal error: ac_nonexistent.h: No such file or directory
   11 | #include <ac_nonexistent.h>
      |          ^~~~~~~~~~~~~~~~~~
compilation terminated.
configure:3840: $? = 1
configure: failed program was:
| /* confdefs.h */
| #define PACKAGE_NAME "toilet"
| #define PACKAGE_TARNAME "toilet"
| #define PACKAGE_VERSION "0.3"
| #define PACKAGE_STRING "toilet 0.3"
| #define PACKAGE_BUGREPORT ""
| #define PACKAGE_URL ""
| #define PACKAGE "toilet"
| #define VERSION "0.3"
| /* end confdefs.h.  */
| #include <ac_nonexistent.h>
configure:3871: checking for grep that handles long lines and -e
configure:3929: result: /usr/bin/grep
configure:3934: checking for egrep
configure:3996: result: /usr/bin/grep -E
configure:4065: checking for pkg-config
configure:4083: found /usr/bin/pkg-config
configure:4095: result: /usr/bin/pkg-config
configure:4120: checking pkg-config is at least version 0.9.0
configure:4123: result: yes
configure:4137: checking for ANSI C header files
configure:4157: gcc -c -g -O2  conftest.c >&5
configure:4157: $? = 0
configure:4230: gcc -o conftest -g -O2   conftest.c  >&5
configure:4230: $? = 0
configure:4230: ./conftest
configure:4230: $? = 0
configure:4241: result: yes
configure:4254: checking for sys/types.h
configure:4254: gcc -c -g -O2  conftest.c >&5
configure:4254: $? = 0
configure:4254: result: yes
configure:4254: checking for sys/stat.h
configure:4254: gcc -c -g -O2  conftest.c >&5
configure:4254: $? = 0
configure:4254: result: yes
configure:4254: checking for stdlib.h
configure:4254: gcc -c -g -O2  conftest.c >&5
configure:4254: $? = 0
configure:4254: result: yes
configure:4254: checking for string.h
configure:4254: gcc -c -g -O2  conftest.c >&5
configure:4254: $? = 0
configure:4254: result: yes
configure:4254: checking for memory.h
configure:4254: gcc -c -g -O2  conftest.c >&5
configure:4254: $? = 0
configure:4254: result: yes
configure:4254: checking for strings.h
configure:4254: gcc -c -g -O2  conftest.c >&5
configure:4254: $? = 0
configure:4254: result: yes
configure:4254: checking for inttypes.h
configure:4254: gcc -c -g -O2  conftest.c >&5
configure:4254: $? = 0
configure:4254: result: yes
configure:4254: checking for stdint.h
configure:4254: gcc -c -g -O2  conftest.c >&5
configure:4254: $? = 0
configure:4254: result: yes
configure:4254: checking for unistd.h
configure:4254: gcc -c -g -O2  conftest.c >&5
configure:4254: $? = 0
configure:4254: result: yes
configure:4268: checking sys/ioctl.h usability
configure:4268: gcc -c -g -O2  conftest.c >&5
configure:4268: $? = 0
configure:4268: result: yes
configure:4268: checking sys/ioctl.h presence
configure:4268: gcc -E  conftest.c
configure:4268: $? = 0
configure:4268: result: yes
configure:4268: checking for sys/ioctl.h
configure:4268: result: yes
configure:4279: checking for TIOCGWINSZ
configure:4296: gcc -c -g -O2  conftest.c >&5
configure:4296: $? = 0
configure:4303: result: yes
configure:4313: checking for CACA
configure:4320: $PKG_CONFIG --exists --print-errors "caca >= 0.99.beta18"
configure:4323: $? = 0
configure:4337: $PKG_CONFIG --exists --print-errors "caca >= 0.99.beta18"
configure:4340: $? = 0
configure:4382: result: yes
configure:4387: checking for release date
configure:4391: result:   
configure:4528: creating ./config.status

## ---------------------- ##
## Running config.status. ##
## ---------------------- ##

This file was extended by toilet config.status 0.3, which was
generated by GNU Autoconf 2.68.  Invocation command line was

  CONFIG_FILES    = 
  CONFIG_HEADERS  = 
  CONFIG_LINKS    = 
  CONFIG_COMMANDS = 
  $ ./config.status 

on jannik-manjaro-pc

config.status:882: creating Makefile
config.status:882: creating src/Makefile
config.status:882: creating tools/Makefile
config.status:882: creating fonts/Makefile
config.status:882: creating doc/Makefile
config.status:882: creating test/Makefile
config.status:882: creating config.h
config.status:1111: executing depfiles commands

## ---------------- ##
## Cache variables. ##
## ---------------- ##

ac_cv_build=x86_64-unknown-linux-gnu
ac_cv_c_compiler_gnu=yes
ac_cv_env_CACA_CFLAGS_set=
ac_cv_env_CACA_CFLAGS_value=
ac_cv_env_CACA_LIBS_set=
ac_cv_env_CACA_LIBS_value=
ac_cv_env_CC_set=
ac_cv_env_CC_value=
ac_cv_env_CFLAGS_set=
ac_cv_env_CFLAGS_value=
ac_cv_env_CPPFLAGS_set=
ac_cv_env_CPPFLAGS_value=
ac_cv_env_CPP_set=
ac_cv_env_CPP_value=
ac_cv_env_LDFLAGS_set=
ac_cv_env_LDFLAGS_value=
ac_cv_env_LIBS_set=
ac_cv_env_LIBS_value=
ac_cv_env_PKG_CONFIG_LIBDIR_set=
ac_cv_env_PKG_CONFIG_LIBDIR_value=
ac_cv_env_PKG_CONFIG_PATH_set=
ac_cv_env_PKG_CONFIG_PATH_value=
ac_cv_env_PKG_CONFIG_set=
ac_cv_env_PKG_CONFIG_value=
ac_cv_env_build_alias_set=
ac_cv_env_build_alias_value=
ac_cv_env_host_alias_set=
ac_cv_env_host_alias_value=
ac_cv_env_target_alias_set=
ac_cv_env_target_alias_value=
ac_cv_have_tiocgwinsz=yes
ac_cv_header_inttypes_h=yes
ac_cv_header_memory_h=yes
ac_cv_header_stdc=yes
ac_cv_header_stdint_h=yes
ac_cv_header_stdlib_h=yes
ac_cv_header_string_h=yes
ac_cv_header_strings_h=yes
ac_cv_header_sys_ioctl_h=yes
ac_cv_header_sys_stat_h=yes
ac_cv_header_sys_types_h=yes
ac_cv_header_unistd_h=yes
ac_cv_host=x86_64-unknown-linux-gnu
ac_cv_objext=o
ac_cv_path_EGREP='/usr/bin/grep -E'
ac_cv_path_GREP=/usr/bin/grep
ac_cv_path_ac_pt_PKG_CONFIG=/usr/bin/pkg-config
ac_cv_path_install='/usr/bin/install -c'
ac_cv_path_mkdir=/usr/bin/mkdir
ac_cv_prog_AWK=gawk
ac_cv_prog_CPP='gcc -E'
ac_cv_prog_ac_ct_CC=gcc
ac_cv_prog_cc_c89=
ac_cv_prog_cc_g=yes
ac_cv_prog_cc_gcc_c_o=yes
ac_cv_prog_make_make_set=yes
ac_cv_target=x86_64-unknown-linux-gnu
am_cv_CC_dependencies_compiler_type=gcc3
pkg_cv_CACA_CFLAGS=
pkg_cv_CACA_LIBS='-lcaca '

## ----------------- ##
## Output variables. ##
## ----------------- ##

ACLOCAL='${SHELL} /home/jannik/programs/toilet-0.3/.auto/missing --run aclocal-1.11'
AMDEPBACKSLASH='\'
AMDEP_FALSE='#'
AMDEP_TRUE=''
AMTAR='$${TAR-tar}'
AUTOCONF='${SHELL} /home/jannik/programs/toilet-0.3/.auto/missing --run autoconf'
AUTOHEADER='${SHELL} /home/jannik/programs/toilet-0.3/.auto/missing --run autoheader'
AUTOMAKE='${SHELL} /home/jannik/programs/toilet-0.3/.auto/missing --run automake-1.11'
AWK='gawk'
CACA_CFLAGS=''
CACA_LIBS='-lcaca '
CC='gcc'
CCDEPMODE='depmode=gcc3'
CFLAGS='-g -O2 -g -O2 -fno-strength-reduce -fomit-frame-pointer -Wall -Wpointer-arith -Wcast-align -Wcast-qual -Wstrict-prototypes -Wshadow -Waggregate-return -Wmissing-prototypes -Wnested-externs -Wsign-compare'
CPP='gcc -E'
CPPFLAGS=''
CYGPATH_W='echo'
DEFS='-DHAVE_CONFIG_H'
DEPDIR='.deps'
ECHO_C=''
ECHO_N='-n'
ECHO_T=''
EGREP='/usr/bin/grep -E'
EXEEXT=''
GREP='/usr/bin/grep'
INSTALL_DATA='${INSTALL} -m 644'
INSTALL_PROGRAM='${INSTALL}'
INSTALL_SCRIPT='${INSTALL}'
INSTALL_STRIP_PROGRAM='$(install_sh) -c -s'
LDFLAGS=''
LIBOBJS=''
LIBS=''
LTLIBOBJS=''
MAKEINFO='${SHELL} /home/jannik/programs/toilet-0.3/.auto/missing --run makeinfo'
MKDIR_P='/usr/bin/mkdir -p'
OBJEXT='o'
PACKAGE='toilet'
PACKAGE_BUGREPORT=''
PACKAGE_NAME='toilet'
PACKAGE_STRING='toilet 0.3'
PACKAGE_TARNAME='toilet'
PACKAGE_URL=''
PACKAGE_VERSION='0.3'
PATH_SEPARATOR=':'
PKG_CONFIG='/usr/bin/pkg-config'
PKG_CONFIG_LIBDIR=''
PKG_CONFIG_PATH=''
SET_MAKE=''
SHELL='/bin/sh'
STRIP=''
VERSION='0.3'
ac_ct_CC='gcc'
am__EXEEXT_FALSE=''
am__EXEEXT_TRUE='#'
am__fastdepCC_FALSE='#'
am__fastdepCC_TRUE=''
am__include='include'
am__isrc=''
am__leading_dot='.'
am__nodep='_no'
am__quote=''
am__tar='$${TAR-tar} chof - "$$tardir"'
am__untar='$${TAR-tar} xf -'
bindir='${exec_prefix}/bin'
build='x86_64-unknown-linux-gnu'
build_alias=''
build_cpu='x86_64'
build_os='linux-gnu'
build_vendor='unknown'
datadir='${datarootdir}'
datarootdir='${prefix}/share'
docdir='${datarootdir}/doc/${PACKAGE_TARNAME}'
dvidir='${docdir}'
exec_prefix='${prefix}'
host='x86_64-unknown-linux-gnu'
host_alias=''
host_cpu='x86_64'
host_os='linux-gnu'
host_vendor='unknown'
htmldir='${docdir}'
includedir='${prefix}/include'
infodir='${datarootdir}/info'
install_sh='${SHELL} /home/jannik/programs/toilet-0.3/.auto/install-sh'
libdir='${exec_prefix}/lib'
libexecdir='${exec_prefix}/libexec'
localedir='${datarootdir}/locale'
localstatedir='${prefix}/var'
mandir='${datarootdir}/man'
mkdir_p='/usr/bin/mkdir -p'
oldincludedir='/usr/include'
pdfdir='${docdir}'
prefix='/usr/local'
program_transform_name='s,x,x,'
psdir='${docdir}'
sbindir='${exec_prefix}/sbin'
sharedstatedir='${prefix}/com'
sysconfdir='${prefix}/etc'
target='x86_64-unknown-linux-gnu'
target_alias=''
target_cpu='x86_64'
target_os='linux-gnu'
target_vendor='unknown'

## ----------- ##
## confdefs.h. ##
## ----------- ##

/* confdefs.h */
#define PACKAGE_NAME "toilet"
#define PACKAGE_TARNAME "toilet"
#define PACKAGE_VERSION "0.3"
#define PACKAGE_STRING "toilet 0.3"
#define PACKAGE_BUGREPORT ""
#define PACKAGE_URL ""
#define PACKAGE "toilet"
#define VERSION "0.3"
#define STDC_HEADERS 1
#define HAVE_SYS_TYPES_H 1
#define HAVE_SYS_STAT_H 1
#define HAVE_STDLIB_H 1
#define HAVE_STRING_H 1
#define HAVE_MEMORY_H 1
#define HAVE_STRINGS_H 1
#define HAVE_INTTYPES_H 1
#define HAVE_STDINT_H 1
#define HAVE_UNISTD_H 1
#define HAVE_SYS_IOCTL_H 1
#define HAVE_TIOCGWINSZ 1
#define DATE "  "

configure: exit 0
